#! /usr/local/bin/vvp
:ivl_version "12.0 (stable)";
:ivl_delay_selection "TYPICAL";
:vpi_time_precision + 0;
:vpi_module "/usr/local/lib/ivl/system.vpi";
:vpi_module "/usr/local/lib/ivl/vhdl_sys.vpi";
:vpi_module "/usr/local/lib/ivl/vhdl_textio.vpi";
:vpi_module "/usr/local/lib/ivl/v2005_math.vpi";
:vpi_module "/usr/local/lib/ivl/va_math.vpi";
:vpi_module "/usr/local/lib/ivl/v2009.vpi";
S_0x11c66d00 .scope package, "$unit" "$unit" 2 1;
 .timescale 0 0;
S_0x11c66e90 .scope module, "tb_mux4to1" "tb_mux4to1" 3 2;
 .timescale 0 0;
v0x11c7bb00_0 .var "in", 3 0;
v0x11c7bbf0_0 .net "out_case", 0 0, v0x11c7b8d0_0;  1 drivers
v0x11c7bcc0_0 .var "sel", 1 0;
S_0x11c41580 .scope module, "mux_case" "mux4to1_case" 3 12, 4 1 0, S_0x11c66e90;
 .timescale 0 0;
    .port_info 0 /INPUT 2 "sel";
    .port_info 1 /INPUT 4 "in";
    .port_info 2 /OUTPUT 1 "out";
v0x11c417b0_0 .net "in", 3 0, v0x11c7bb00_0;  1 drivers
v0x11c7b8d0_0 .var "out", 0 0;
v0x11c7b990_0 .net "sel", 1 0, v0x11c7bcc0_0;  1 drivers
E_0x11c30390 .event anyedge, v0x11c7b990_0, v0x11c417b0_0;
    .scope S_0x11c41580;
T_0 ;
    %wait E_0x11c30390;
    %load/vec4 v0x11c7b990_0;
    %dup/vec4;
    %pushi/vec4 0, 0, 2;
    %cmp/u;
    %jmp/1 T_0.0, 6;
    %dup/vec4;
    %pushi/vec4 1, 0, 2;
    %cmp/u;
    %jmp/1 T_0.1, 6;
    %dup/vec4;
    %pushi/vec4 2, 0, 2;
    %cmp/u;
    %jmp/1 T_0.2, 6;
    %dup/vec4;
    %pushi/vec4 3, 0, 2;
    %cmp/u;
    %jmp/1 T_0.3, 6;
    %jmp T_0.4;
T_0.0 ;
    %load/vec4 v0x11c417b0_0;
    %parti/s 1, 0, 2;
    %store/vec4 v0x11c7b8d0_0, 0, 1;
    %jmp T_0.4;
T_0.1 ;
    %load/vec4 v0x11c417b0_0;
    %parti/s 1, 1, 2;
    %store/vec4 v0x11c7b8d0_0, 0, 1;
    %jmp T_0.4;
T_0.2 ;
    %load/vec4 v0x11c417b0_0;
    %parti/s 1, 2, 3;
    %store/vec4 v0x11c7b8d0_0, 0, 1;
    %jmp T_0.4;
T_0.3 ;
    %load/vec4 v0x11c417b0_0;
    %parti/s 1, 3, 3;
    %store/vec4 v0x11c7b8d0_0, 0, 1;
    %jmp T_0.4;
T_0.4 ;
    %pop/vec4 1;
    %jmp T_0;
    .thread T_0, $push;
    .scope S_0x11c66e90;
T_1 ;
    %vpi_call/w 3 21 "$dumpfile", "mux4to1_case.vcd" {0 0 0};
    %vpi_call/w 3 22 "$dumpvars" {0 0 0};
    %vpi_call/w 3 23 "$display", "Time\011Sel\011In\011Assign\011Case\011If" {0 0 0};
    %vpi_call/w 3 24 "$monitor", "%0t\011%02b\011%b\011%b\011%b\011%b", $time, v0x11c7bcc0_0, v0x11c7bb00_0, v0x11c7bbf0_0 {0 0 0};
    %pushi/vec4 10, 0, 4;
    %store/vec4 v0x11c7bb00_0, 0, 4;
    %pushi/vec4 0, 0, 2;
    %store/vec4 v0x11c7bcc0_0, 0, 2;
    %delay 10, 0;
    %pushi/vec4 1, 0, 2;
    %store/vec4 v0x11c7bcc0_0, 0, 2;
    %delay 10, 0;
    %pushi/vec4 2, 0, 2;
    %store/vec4 v0x11c7bcc0_0, 0, 2;
    %delay 10, 0;
    %pushi/vec4 3, 0, 2;
    %store/vec4 v0x11c7bcc0_0, 0, 2;
    %delay 10, 0;
    %pushi/vec4 5, 0, 4;
    %store/vec4 v0x11c7bb00_0, 0, 4;
    %pushi/vec4 0, 0, 2;
    %store/vec4 v0x11c7bcc0_0, 0, 2;
    %delay 10, 0;
    %pushi/vec4 1, 0, 2;
    %store/vec4 v0x11c7bcc0_0, 0, 2;
    %delay 10, 0;
    %pushi/vec4 2, 0, 2;
    %store/vec4 v0x11c7bcc0_0, 0, 2;
    %delay 10, 0;
    %pushi/vec4 3, 0, 2;
    %store/vec4 v0x11c7bcc0_0, 0, 2;
    %delay 10, 0;
    %vpi_call/w 3 40 "$finish" {0 0 0};
    %end;
    .thread T_1;
# The file index is used to find the file name in the following table.
:file_names 5;
    "N/A";
    "<interactive>";
    "-";
    "testbench.sv";
    "design.sv";
